[2019-06-17 14:58:56,611] INFO Starting the log cleaner (kafka.log.LogCleaner)
[2019-06-17 14:58:56,745] INFO [kafka-log-cleaner-thread-0]: Starting (kafka.log.LogCleaner)
[2019-06-17 14:58:57,265] INFO Shutting down the log cleaner. (kafka.log.LogCleaner)
[2019-06-17 14:58:57,267] INFO [kafka-log-cleaner-thread-0]: Shutting down (kafka.log.LogCleaner)
[2019-06-17 14:58:57,269] INFO [kafka-log-cleaner-thread-0]: Stopped (kafka.log.LogCleaner)
[2019-06-17 14:58:57,271] INFO [kafka-log-cleaner-thread-0]: Shutdown completed (kafka.log.LogCleaner)
[2019-06-17 14:59:50,920] INFO Starting the log cleaner (kafka.log.LogCleaner)
[2019-06-17 14:59:51,012] INFO [kafka-log-cleaner-thread-0]: Starting (kafka.log.LogCleaner)
[2019-06-17 14:59:51,374] INFO Shutting down the log cleaner. (kafka.log.LogCleaner)
[2019-06-17 14:59:51,375] INFO [kafka-log-cleaner-thread-0]: Shutting down (kafka.log.LogCleaner)
[2019-06-17 14:59:51,376] INFO [kafka-log-cleaner-thread-0]: Stopped (kafka.log.LogCleaner)
[2019-06-17 14:59:51,379] INFO [kafka-log-cleaner-thread-0]: Shutdown completed (kafka.log.LogCleaner)
[2019-06-17 15:02:57,233] INFO Starting the log cleaner (kafka.log.LogCleaner)
[2019-06-17 15:02:57,312] INFO [kafka-log-cleaner-thread-0]: Starting (kafka.log.LogCleaner)
[2019-06-17 15:36:40,234] INFO Shutting down the log cleaner. (kafka.log.LogCleaner)
[2019-06-17 15:36:40,235] INFO [kafka-log-cleaner-thread-0]: Shutting down (kafka.log.LogCleaner)
[2019-06-17 15:36:40,236] INFO [kafka-log-cleaner-thread-0]: Stopped (kafka.log.LogCleaner)
[2019-06-17 15:36:40,237] INFO [kafka-log-cleaner-thread-0]: Shutdown completed (kafka.log.LogCleaner)
[2019-06-17 15:36:53,169] INFO Starting the log cleaner (kafka.log.LogCleaner)
[2019-06-17 15:36:53,256] INFO [kafka-log-cleaner-thread-0]: Starting (kafka.log.LogCleaner)
[2019-06-17 16:08:03,482] INFO Shutting down the log cleaner. (kafka.log.LogCleaner)
[2019-06-17 16:08:03,493] INFO [kafka-log-cleaner-thread-0]: Shutting down (kafka.log.LogCleaner)
[2019-06-17 16:08:03,494] INFO [kafka-log-cleaner-thread-0]: Stopped (kafka.log.LogCleaner)
[2019-06-17 16:08:03,494] INFO [kafka-log-cleaner-thread-0]: Shutdown completed (kafka.log.LogCleaner)
[2019-06-17 16:08:30,505] INFO Starting the log cleaner (kafka.log.LogCleaner)
[2019-06-17 16:08:30,580] INFO [kafka-log-cleaner-thread-0]: Starting (kafka.log.LogCleaner)
[2019-06-17 17:22:50,395] INFO Shutting down the log cleaner. (kafka.log.LogCleaner)
[2019-06-17 17:22:50,402] INFO [kafka-log-cleaner-thread-0]: Shutting down (kafka.log.LogCleaner)
[2019-06-17 17:22:50,403] INFO [kafka-log-cleaner-thread-0]: Stopped (kafka.log.LogCleaner)
[2019-06-17 17:22:50,403] INFO [kafka-log-cleaner-thread-0]: Shutdown completed (kafka.log.LogCleaner)
[2019-06-20 17:01:04,800] INFO Starting the log cleaner (kafka.log.LogCleaner)
[2019-06-20 17:01:04,899] INFO [kafka-log-cleaner-thread-0]: Starting (kafka.log.LogCleaner)
[2019-06-21 09:17:59,025] INFO Shutting down the log cleaner. (kafka.log.LogCleaner)
[2019-06-21 09:17:59,049] INFO [kafka-log-cleaner-thread-0]: Shutting down (kafka.log.LogCleaner)
[2019-06-21 09:17:59,050] INFO [kafka-log-cleaner-thread-0]: Stopped (kafka.log.LogCleaner)
[2019-06-21 09:17:59,050] INFO [kafka-log-cleaner-thread-0]: Shutdown completed (kafka.log.LogCleaner)
[2019-06-21 09:18:16,169] INFO Starting the log cleaner (kafka.log.LogCleaner)
[2019-06-21 09:18:16,252] INFO [kafka-log-cleaner-thread-0]: Starting (kafka.log.LogCleaner)
[2019-06-21 09:39:46,864] INFO Shutting down the log cleaner. (kafka.log.LogCleaner)
[2019-06-21 09:39:46,865] INFO [kafka-log-cleaner-thread-0]: Shutting down (kafka.log.LogCleaner)
[2019-06-21 09:39:46,865] INFO [kafka-log-cleaner-thread-0]: Stopped (kafka.log.LogCleaner)
[2019-06-21 09:39:46,865] INFO [kafka-log-cleaner-thread-0]: Shutdown completed (kafka.log.LogCleaner)
[2019-06-21 09:46:22,648] INFO Starting the log cleaner (kafka.log.LogCleaner)
[2019-06-21 09:46:22,810] INFO [kafka-log-cleaner-thread-0]: Starting (kafka.log.LogCleaner)
[2019-06-21 10:33:40,900] INFO Starting the log cleaner (kafka.log.LogCleaner)
[2019-06-21 10:33:41,748] INFO [kafka-log-cleaner-thread-0]: Starting (kafka.log.LogCleaner)
[2019-06-21 12:16:48,255] INFO Shutting down the log cleaner. (kafka.log.LogCleaner)
[2019-06-21 12:16:48,261] INFO [kafka-log-cleaner-thread-0]: Shutting down (kafka.log.LogCleaner)
[2019-06-21 12:16:48,261] INFO [kafka-log-cleaner-thread-0]: Stopped (kafka.log.LogCleaner)
[2019-06-21 12:16:48,261] INFO [kafka-log-cleaner-thread-0]: Shutdown completed (kafka.log.LogCleaner)
[2019-06-21 12:17:48,847] INFO Starting the log cleaner (kafka.log.LogCleaner)
[2019-06-21 12:17:48,923] INFO [kafka-log-cleaner-thread-0]: Starting (kafka.log.LogCleaner)
[2019-06-21 13:59:28,642] INFO Starting the log cleaner (kafka.log.LogCleaner)
[2019-06-21 13:59:28,757] INFO [kafka-log-cleaner-thread-0]: Starting (kafka.log.LogCleaner)
[2019-06-21 14:01:05,146] INFO Shutting down the log cleaner. (kafka.log.LogCleaner)
[2019-06-21 14:01:05,155] INFO [kafka-log-cleaner-thread-0]: Shutting down (kafka.log.LogCleaner)
[2019-06-21 14:01:05,157] INFO [kafka-log-cleaner-thread-0]: Stopped (kafka.log.LogCleaner)
[2019-06-21 14:01:05,157] INFO [kafka-log-cleaner-thread-0]: Shutdown completed (kafka.log.LogCleaner)
[2019-06-21 14:01:52,746] INFO Starting the log cleaner (kafka.log.LogCleaner)
[2019-06-21 14:01:52,895] INFO [kafka-log-cleaner-thread-0]: Starting (kafka.log.LogCleaner)
[2019-06-21 14:20:13,716] INFO Shutting down the log cleaner. (kafka.log.LogCleaner)
[2019-06-21 14:20:13,717] INFO [kafka-log-cleaner-thread-0]: Shutting down (kafka.log.LogCleaner)
[2019-06-21 14:20:13,718] INFO [kafka-log-cleaner-thread-0]: Stopped (kafka.log.LogCleaner)
[2019-06-21 14:20:13,718] INFO [kafka-log-cleaner-thread-0]: Shutdown completed (kafka.log.LogCleaner)
[2019-06-21 14:31:41,642] INFO Starting the log cleaner (kafka.log.LogCleaner)
[2019-06-21 14:31:41,857] INFO [kafka-log-cleaner-thread-0]: Starting (kafka.log.LogCleaner)
[2019-06-21 15:47:46,263] INFO Shutting down the log cleaner. (kafka.log.LogCleaner)
[2019-06-21 15:47:46,271] INFO [kafka-log-cleaner-thread-0]: Shutting down (kafka.log.LogCleaner)
[2019-06-21 15:47:46,271] INFO [kafka-log-cleaner-thread-0]: Stopped (kafka.log.LogCleaner)
[2019-06-21 15:47:46,271] INFO [kafka-log-cleaner-thread-0]: Shutdown completed (kafka.log.LogCleaner)
[2019-06-21 17:28:57,765] INFO Starting the log cleaner (kafka.log.LogCleaner)
[2019-06-21 17:28:57,850] INFO [kafka-log-cleaner-thread-0]: Starting (kafka.log.LogCleaner)
